<?xml version="1.0" encoding="UTF-8"?>
<!-- Generated by org.testng.reporters.JUnitXMLReporter -->
<testsuite ignored="0" hostname="DESKTOP-TTAVK1I" failures="0" tests="13" name="Default test" time="381.366" errors="0" timestamp="2024-11-20T17:30:42 IST">
  <testcase classname="api.testcases.userTestCases" name="createUser" time="67.82"/>
  <testcase classname="api.testcases.userTestCases" name="createUser" time="47.241"/>
  <testcase classname="api.testcases.userTestCases" name="createUser" time="24.982"/>
  <testcase classname="api.testcases.userTestCases" name="createUser" time="6.416"/>
  <testcase classname="api.testcases.userTestCases" name="getUser" time="13.071"/>
  <testcase classname="api.testcases.userTestCases" name="getUser" time="4.125"/>
  <testcase classname="api.testcases.userTestCases" name="getUser" time="2.599"/>
  <testcase classname="api.testcases.userTestCases" name="getUser" time="2.992"/>
  <testcase classname="api.testcases.userTestCases" name="updateUser" time="64.291"/>
  <testcase classname="api.testcases.userTestCases" name="deleteUser" time="3.673"/>
  <testcase classname="api.testcases.userTestCases" name="deleteUser" time="4.63"/>
  <testcase classname="api.testcases.userTestCases" name="deleteUser" time="6.715"/>
  <testcase classname="api.testcases.userTestCases" name="deleteUser" time="3.149"/>
</testsuite> <!-- Default test -->
