<?xml version="1.0" encoding="UTF-8"?>
<!-- Generated by org.testng.reporters.JUnitXMLReporter -->
<testsuite ignored="0" hostname="LAPTOP-LJ7RGAS5" failures="0" tests="13" name="Default test" time="34.618" errors="0" timestamp="2024-11-16T15:57:57 IST">
  <testcase classname="api.testcases.userTestCases" name="createUser" time="3.729"/>
  <testcase classname="api.testcases.userTestCases" name="createUser" time="2.433"/>
  <testcase classname="api.testcases.userTestCases" name="createUser" time="2.635"/>
  <testcase classname="api.testcases.userTestCases" name="createUser" time="2.171"/>
  <testcase classname="api.testcases.userTestCases" name="getUser" time="2.231"/>
  <testcase classname="api.testcases.userTestCases" name="getUser" time="1.922"/>
  <testcase classname="api.testcases.userTestCases" name="getUser" time="1.939"/>
  <testcase classname="api.testcases.userTestCases" name="getUser" time="3.178"/>
  <testcase classname="api.testcases.userTestCases" name="updateUser" time="4.061"/>
  <testcase classname="api.testcases.userTestCases" name="deleteUser" time="2.246"/>
  <testcase classname="api.testcases.userTestCases" name="deleteUser" time="1.881"/>
  <testcase classname="api.testcases.userTestCases" name="deleteUser" time="2.636"/>
  <testcase classname="api.testcases.userTestCases" name="deleteUser" time="2.238"/>
</testsuite> <!-- Default test -->
