<?xml version="1.0" encoding="UTF-8"?>
<!-- Generated by org.testng.reporters.JUnitXMLReporter -->
<testsuite ignored="0" hostname="DESKTOP-TTAVK1I" failures="0" tests="28" name="Test" time="42.844" errors="0" timestamp="2024-12-02T12:27:07 IST">
  <testcase classname="api.testcases.userTestCases" name="createUser" time="3.62"/>
  <testcase classname="api.testcases.userTestCases" name="createUser" time="1.228"/>
  <testcase classname="api.testcases.userTestCases" name="createUser" time="1.146"/>
  <testcase classname="api.testcases.userTestCases" name="createUser" time="1.121"/>
  <testcase classname="api.testcases.userTestCases" name="getUser" time="1.375"/>
  <testcase classname="api.testcases.userTestCases" name="getUser" time="1.199"/>
  <testcase classname="api.testcases.userTestCases" name="getUser" time="1.12"/>
  <testcase classname="api.testcases.userTestCases" name="getUser" time="1.144"/>
  <testcase classname="api.testcases.userTestCases" name="updateUser" time="2.547"/>
  <testcase classname="api.testcases.userTestCases" name="deleteUser" time="1.107"/>
  <testcase classname="api.testcases.userTestCases" name="deleteUser" time="1.099"/>
  <testcase classname="api.testcases.userTestCases" name="deleteUser" time="1.14"/>
  <testcase classname="api.testcases.userTestCases" name="deleteUser" time="1.089"/>
  <testcase classname="api.testcases.petTestCases" name="extentConfigurePet" time="0.002"/>
  <testcase classname="api.testcases.petTestCases" name="createPet" time="2.423"/>
  <testcase classname="api.testcases.petTestCases" name="createPet" time="1.145"/>
  <testcase classname="api.testcases.petTestCases" name="createPet" time="1.12"/>
  <testcase classname="api.testcases.petTestCases" name="createPet" time="1.182"/>
  <testcase classname="api.testcases.petTestCases" name="createPet" time="1.183"/>
  <testcase classname="api.testcases.petTestCases" name="getPet" time="5.679"/>
  <testcase classname="api.testcases.petTestCases" name="getPetByStatus" time="1.551"/>
  <testcase classname="api.testcases.StoreTestCases" name="extentConfigureStore" time="0.002"/>
  <testcase classname="api.testcases.StoreTestCases" name="createOrder" time="1.226"/>
  <testcase classname="api.testcases.StoreTestCases" name="createOrder" time="1.132"/>
  <testcase classname="api.testcases.StoreTestCases" name="createOrder" time="1.094"/>
  <testcase classname="api.testcases.StoreTestCases" name="getInventoryByStatus" time="1.133"/>
  <testcase classname="api.testcases.StoreTestCases" name="getOrderById" time="1.109"/>
  <testcase classname="api.testcases.StoreTestCases" name="deleteOrderById" time="1.115"/>
</testsuite> <!-- Test -->
