<?xml version="1.0" encoding="UTF-8"?>
<!-- Generated by org.testng.reporters.JUnitXMLReporter -->
<testsuite ignored="0" hostname="LAPTOP-LJ7RGAS5" failures="0" tests="13" name="Test" time="35.79" errors="0" timestamp="2024-11-16T16:12:23 IST">
  <testcase classname="api.testcases.userTestCases" name="createUser" time="4.566"/>
  <testcase classname="api.testcases.userTestCases" name="createUser" time="3.197"/>
  <testcase classname="api.testcases.userTestCases" name="createUser" time="2.563"/>
  <testcase classname="api.testcases.userTestCases" name="createUser" time="2.316"/>
  <testcase classname="api.testcases.userTestCases" name="getUser" time="2.377"/>
  <testcase classname="api.testcases.userTestCases" name="getUser" time="2.037"/>
  <testcase classname="api.testcases.userTestCases" name="getUser" time="2.035"/>
  <testcase classname="api.testcases.userTestCases" name="getUser" time="2.879"/>
  <testcase classname="api.testcases.userTestCases" name="updateUser" time="4.789"/>
  <testcase classname="api.testcases.userTestCases" name="deleteUser" time="1.583"/>
  <testcase classname="api.testcases.userTestCases" name="deleteUser" time="2.673"/>
  <testcase classname="api.testcases.userTestCases" name="deleteUser" time="1.67"/>
  <testcase classname="api.testcases.userTestCases" name="deleteUser" time="1.685"/>
</testsuite> <!-- Test -->
