<?xml version="1.0" encoding="UTF-8"?>
<testng-results ignored="0" total="13" passed="13" failed="0" skipped="0">
  <reporter-output>
  </reporter-output>
  <suite started-at="2024-11-16T16:11:47 IST" name="Suite" finished-at="2024-11-16T16:12:23 IST" duration-ms="35790">
    <groups>
    </groups>
    <test started-at="2024-11-16T16:11:47 IST" name="Test" finished-at="2024-11-16T16:12:23 IST" duration-ms="35790">
      <class name="api.testcases.userTestCases">
        <test-method is-config="true" signature="setup()[pri:0, instance:api.testcases.userTestCases@1c32386d]" started-at="2024-11-16T16:11:47 IST" name="setup" finished-at="2024-11-16T16:11:47 IST" duration-ms="96" status="PASS">
          <reporter-output>
          </reporter-output>
        </test-method> <!-- setup -->
        <test-method signature="createUser(java.lang.String,java.lang.String,java.lang.String,java.lang.String,java.lang.String,java.lang.String,java.lang.String)[pri:1, instance:api.testcases.userTestCases@1c32386d]" started-at="2024-11-16T16:11:48 IST" name="createUser" data-provider="All Data" finished-at="2024-11-16T16:11:52 IST" duration-ms="4566" status="PASS">
          <params>
            <param index="0">
              <value>
                <![CDATA[16767]]>
              </value>
            </param>
            <param index="1">
              <value>
                <![CDATA[Ja667]]>
              </value>
            </param>
            <param index="2">
              <value>
                <![CDATA[Jane]]>
              </value>
            </param>
            <param index="3">
              <value>
                <![CDATA[Kivin]]>
              </value>
            </param>
            <param index="4">
              <value>
                <![CDATA[kinaya@gmail.com]]>
              </value>
            </param>
            <param index="5">
              <value>
                <![CDATA[60987]]>
              </value>
            </param>
            <param index="6">
              <value>
                <![CDATA[7868008]]>
              </value>
            </param>
          </params>
          <reporter-output>
          </reporter-output>
        </test-method> <!-- createUser -->
        <test-method signature="createUser(java.lang.String,java.lang.String,java.lang.String,java.lang.String,java.lang.String,java.lang.String,java.lang.String)[pri:1, instance:api.testcases.userTestCases@1c32386d]" started-at="2024-11-16T16:11:52 IST" name="createUser" data-provider="All Data" finished-at="2024-11-16T16:11:56 IST" duration-ms="3197" status="PASS">
          <params>
            <param index="0">
              <value>
                <![CDATA[79083]]>
              </value>
            </param>
            <param index="1">
              <value>
                <![CDATA[M178]]>
              </value>
            </param>
            <param index="2">
              <value>
                <![CDATA[Mary]]>
              </value>
            </param>
            <param index="3">
              <value>
                <![CDATA[jacob]]>
              </value>
            </param>
            <param index="4">
              <value>
                <![CDATA[Minya@gmail.com]]>
              </value>
            </param>
            <param index="5">
              <value>
                <![CDATA[67687]]>
              </value>
            </param>
            <param index="6">
              <value>
                <![CDATA[2342423]]>
              </value>
            </param>
          </params>
          <reporter-output>
          </reporter-output>
        </test-method> <!-- createUser -->
        <test-method signature="createUser(java.lang.String,java.lang.String,java.lang.String,java.lang.String,java.lang.String,java.lang.String,java.lang.String)[pri:1, instance:api.testcases.userTestCases@1c32386d]" started-at="2024-11-16T16:11:56 IST" name="createUser" data-provider="All Data" finished-at="2024-11-16T16:11:58 IST" duration-ms="2563" status="PASS">
          <params>
            <param index="0">
              <value>
                <![CDATA[76870]]>
              </value>
            </param>
            <param index="1">
              <value>
                <![CDATA[N680]]>
              </value>
            </param>
            <param index="2">
              <value>
                <![CDATA[Nithya]]>
              </value>
            </param>
            <param index="3">
              <value>
                <![CDATA[Carlton]]>
              </value>
            </param>
            <param index="4">
              <value>
                <![CDATA[Stna@gmail.com]]>
              </value>
            </param>
            <param index="5">
              <value>
                <![CDATA[2hhk6]]>
              </value>
            </param>
            <param index="6">
              <value>
                <![CDATA[6877008]]>
              </value>
            </param>
          </params>
          <reporter-output>
          </reporter-output>
        </test-method> <!-- createUser -->
        <test-method signature="createUser(java.lang.String,java.lang.String,java.lang.String,java.lang.String,java.lang.String,java.lang.String,java.lang.String)[pri:1, instance:api.testcases.userTestCases@1c32386d]" started-at="2024-11-16T16:11:58 IST" name="createUser" data-provider="All Data" finished-at="2024-11-16T16:12:00 IST" duration-ms="2316" status="PASS">
          <params>
            <param index="0">
              <value>
                <![CDATA[65622]]>
              </value>
            </param>
            <param index="1">
              <value>
                <![CDATA[L689]]>
              </value>
            </param>
            <param index="2">
              <value>
                <![CDATA[Lidiya]]>
              </value>
            </param>
            <param index="3">
              <value>
                <![CDATA[Manudev]]>
              </value>
            </param>
            <param index="4">
              <value>
                <![CDATA[Mithun@gmail.com]]>
              </value>
            </param>
            <param index="5">
              <value>
                <![CDATA[3454we]]>
              </value>
            </param>
            <param index="6">
              <value>
                <![CDATA[342424]]>
              </value>
            </param>
          </params>
          <reporter-output>
          </reporter-output>
        </test-method> <!-- createUser -->
        <test-method signature="getUser(java.lang.String)[pri:2, instance:api.testcases.userTestCases@1c32386d]" started-at="2024-11-16T16:12:01 IST" name="getUser" data-provider="Fetch userName" finished-at="2024-11-16T16:12:03 IST" duration-ms="2377" status="PASS">
          <params>
            <param index="0">
              <value>
                <![CDATA[Ja667]]>
              </value>
            </param>
          </params>
          <reporter-output>
          </reporter-output>
        </test-method> <!-- getUser -->
        <test-method signature="getUser(java.lang.String)[pri:2, instance:api.testcases.userTestCases@1c32386d]" started-at="2024-11-16T16:12:03 IST" name="getUser" data-provider="Fetch userName" finished-at="2024-11-16T16:12:05 IST" duration-ms="2037" status="PASS">
          <params>
            <param index="0">
              <value>
                <![CDATA[M178]]>
              </value>
            </param>
          </params>
          <reporter-output>
          </reporter-output>
        </test-method> <!-- getUser -->
        <test-method signature="getUser(java.lang.String)[pri:2, instance:api.testcases.userTestCases@1c32386d]" started-at="2024-11-16T16:12:05 IST" name="getUser" data-provider="Fetch userName" finished-at="2024-11-16T16:12:07 IST" duration-ms="2035" status="PASS">
          <params>
            <param index="0">
              <value>
                <![CDATA[N680]]>
              </value>
            </param>
          </params>
          <reporter-output>
          </reporter-output>
        </test-method> <!-- getUser -->
        <test-method signature="getUser(java.lang.String)[pri:2, instance:api.testcases.userTestCases@1c32386d]" started-at="2024-11-16T16:12:07 IST" name="getUser" data-provider="Fetch userName" finished-at="2024-11-16T16:12:10 IST" duration-ms="2879" status="PASS">
          <params>
            <param index="0">
              <value>
                <![CDATA[L689]]>
              </value>
            </param>
          </params>
          <reporter-output>
          </reporter-output>
        </test-method> <!-- getUser -->
        <test-method signature="updateUser()[pri:3, instance:api.testcases.userTestCases@1c32386d]" started-at="2024-11-16T16:12:10 IST" name="updateUser" finished-at="2024-11-16T16:12:15 IST" duration-ms="4789" status="PASS">
          <reporter-output>
          </reporter-output>
        </test-method> <!-- updateUser -->
        <test-method signature="deleteUser(java.lang.String)[pri:4, instance:api.testcases.userTestCases@1c32386d]" started-at="2024-11-16T16:12:15 IST" name="deleteUser" data-provider="Fetch userName" finished-at="2024-11-16T16:12:16 IST" duration-ms="1583" status="PASS">
          <params>
            <param index="0">
              <value>
                <![CDATA[Ja667]]>
              </value>
            </param>
          </params>
          <reporter-output>
          </reporter-output>
        </test-method> <!-- deleteUser -->
        <test-method signature="deleteUser(java.lang.String)[pri:4, instance:api.testcases.userTestCases@1c32386d]" started-at="2024-11-16T16:12:16 IST" name="deleteUser" data-provider="Fetch userName" finished-at="2024-11-16T16:12:19 IST" duration-ms="2673" status="PASS">
          <params>
            <param index="0">
              <value>
                <![CDATA[M178]]>
              </value>
            </param>
          </params>
          <reporter-output>
          </reporter-output>
        </test-method> <!-- deleteUser -->
        <test-method signature="deleteUser(java.lang.String)[pri:4, instance:api.testcases.userTestCases@1c32386d]" started-at="2024-11-16T16:12:19 IST" name="deleteUser" data-provider="Fetch userName" finished-at="2024-11-16T16:12:21 IST" duration-ms="1670" status="PASS">
          <params>
            <param index="0">
              <value>
                <![CDATA[N680]]>
              </value>
            </param>
          </params>
          <reporter-output>
          </reporter-output>
        </test-method> <!-- deleteUser -->
        <test-method signature="deleteUser(java.lang.String)[pri:4, instance:api.testcases.userTestCases@1c32386d]" started-at="2024-11-16T16:12:21 IST" name="deleteUser" data-provider="Fetch userName" finished-at="2024-11-16T16:12:22 IST" duration-ms="1685" status="PASS">
          <params>
            <param index="0">
              <value>
                <![CDATA[L689]]>
              </value>
            </param>
          </params>
          <reporter-output>
          </reporter-output>
        </test-method> <!-- deleteUser -->
        <test-method is-config="true" signature="tearDown()[pri:0, instance:api.testcases.userTestCases@1c32386d]" started-at="2024-11-16T16:12:22 IST" name="tearDown" finished-at="2024-11-16T16:12:23 IST" duration-ms="437" status="PASS">
          <reporter-output>
          </reporter-output>
        </test-method> <!-- tearDown -->
      </class> <!-- api.testcases.userTestCases -->
    </test> <!-- Test -->
  </suite> <!-- Suite -->
</testng-results>
