<?xml version="1.0" encoding="UTF-8"?>
<!-- Generated by org.testng.reporters.JUnitReportReporter -->
<testsuite hostname="LAPTOP-LJ7RGAS5" failures="0" tests="13" name="api.testcases.userTestCases" time="34.370" errors="0" timestamp="2024-11-16T16:12:23 IST" skipped="0">
  <testcase classname="api.testcases.userTestCases" name="createUser" time="4.566"/>
  <system-out/>
  <testcase classname="api.testcases.userTestCases" name="createUser" time="2.316"/>
  <system-out/>
  <testcase classname="api.testcases.userTestCases" name="createUser" time="3.197"/>
  <system-out/>
  <testcase classname="api.testcases.userTestCases" name="createUser" time="2.563"/>
  <system-out/>
  <testcase classname="api.testcases.userTestCases" name="getUser" time="2.037"/>
  <system-out/>
  <testcase classname="api.testcases.userTestCases" name="getUser" time="2.035"/>
  <system-out/>
  <testcase classname="api.testcases.userTestCases" name="getUser" time="2.377"/>
  <system-out/>
  <testcase classname="api.testcases.userTestCases" name="getUser" time="2.879"/>
  <system-out/>
  <testcase classname="api.testcases.userTestCases" name="updateUser" time="4.789"/>
  <system-out/>
  <testcase classname="api.testcases.userTestCases" name="deleteUser" time="1.670"/>
  <system-out/>
  <testcase classname="api.testcases.userTestCases" name="deleteUser" time="1.685"/>
  <system-out/>
  <testcase classname="api.testcases.userTestCases" name="deleteUser" time="2.673"/>
  <system-out/>
  <testcase classname="api.testcases.userTestCases" name="deleteUser" time="1.583"/>
  <system-out/>
</testsuite> <!-- api.testcases.userTestCases -->
